INFO    : Building target syllabus-canvas
INFO    : XSL conversion of /Users/boss/Library/CloudStorage/Dropbox/TEACHING/@Hamilton/Linear Algebra/Linear Algebra 2026S/new-pretext-project/source/syllabus.ptx by /Users/boss/.ptx/2.20.0/core/xsl/utilities/pretext-enhanced-source.xsl
INFO    : successful application of /Users/boss/.ptx/2.20.0/core/xsl/utilities/pretext-enhanced-source.xsl
INFO    : Generating any needed assets.
INFO    : XSL conversion of /Users/boss/Library/CloudStorage/Dropbox/TEACHING/@Hamilton/Linear Algebra/Linear Algebra 2026S/new-pretext-project/source/syllabus.ptx by /Users/boss/.ptx/2.20.0/core/xsl/utilities/pretext-enhanced-source.xsl
INFO    : successful application of /Users/boss/.ptx/2.20.0/core/xsl/utilities/pretext-enhanced-source.xsl
INFO    : XSL conversion of /Users/boss/Library/CloudStorage/Dropbox/TEACHING/@Hamilton/Linear Algebra/Linear Algebra 2026S/new-pretext-project/source/syllabus.ptx by /Users/boss/.ptx/2.20.0/core/xsl/utilities/pretext-enhanced-source.xsl
INFO    : successful application of /Users/boss/.ptx/2.20.0/core/xsl/utilities/pretext-enhanced-source.xsl
INFO    : XSL conversion of /Users/boss/Library/CloudStorage/Dropbox/TEACHING/@Hamilton/Linear Algebra/Linear Algebra 2026S/new-pretext-project/source/syllabus.ptx by /Users/boss/.ptx/2.20.0/core/xsl/utilities/pretext-enhanced-source.xsl
INFO    : successful application of /Users/boss/.ptx/2.20.0/core/xsl/utilities/pretext-enhanced-source.xsl
INFO    : XSL conversion of /Users/boss/Library/CloudStorage/Dropbox/TEACHING/@Hamilton/Linear Algebra/Linear Algebra 2026S/new-pretext-project/source/syllabus.ptx by /Users/boss/.ptx/2.20.0/core/xsl/utilities/pretext-enhanced-source.xsl
INFO    : successful application of /Users/boss/.ptx/2.20.0/core/xsl/utilities/pretext-enhanced-source.xsl
INFO    : XSL conversion of /Users/boss/Library/CloudStorage/Dropbox/TEACHING/@Hamilton/Linear Algebra/Linear Algebra 2026S/new-pretext-project/source/syllabus.ptx by /Users/boss/.ptx/2.20.0/core/xsl/utilities/pretext-enhanced-source.xsl
INFO    : successful application of /Users/boss/.ptx/2.20.0/core/xsl/utilities/pretext-enhanced-source.xsl
INFO    : XSL conversion of /Users/boss/Library/CloudStorage/Dropbox/TEACHING/@Hamilton/Linear Algebra/Linear Algebra 2026S/new-pretext-project/source/syllabus.ptx by /Users/boss/.ptx/2.20.0/core/xsl/utilities/pretext-enhanced-source.xsl
INFO    : successful application of /Users/boss/.ptx/2.20.0/core/xsl/utilities/pretext-enhanced-source.xsl
INFO    : XSL conversion of /Users/boss/Library/CloudStorage/Dropbox/TEACHING/@Hamilton/Linear Algebra/Linear Algebra 2026S/new-pretext-project/source/syllabus.ptx by /Users/boss/.ptx/2.20.0/core/xsl/utilities/pretext-enhanced-source.xsl
INFO    : successful application of /Users/boss/.ptx/2.20.0/core/xsl/utilities/pretext-enhanced-source.xsl
INFO    : XSL conversion of /Users/boss/Library/CloudStorage/Dropbox/TEACHING/@Hamilton/Linear Algebra/Linear Algebra 2026S/new-pretext-project/source/syllabus.ptx by /Users/boss/.ptx/2.20.0/core/xsl/utilities/pretext-enhanced-source.xsl
INFO    : successful application of /Users/boss/.ptx/2.20.0/core/xsl/utilities/pretext-enhanced-source.xsl
INFO    : XSL conversion of /Users/boss/Library/CloudStorage/Dropbox/TEACHING/@Hamilton/Linear Algebra/Linear Algebra 2026S/new-pretext-project/source/syllabus.ptx by /Users/boss/.ptx/2.20.0/core/xsl/utilities/pretext-enhanced-source.xsl
INFO    : successful application of /Users/boss/.ptx/2.20.0/core/xsl/utilities/pretext-enhanced-source.xsl
INFO    : XSL conversion of /Users/boss/Library/CloudStorage/Dropbox/TEACHING/@Hamilton/Linear Algebra/Linear Algebra 2026S/new-pretext-project/source/syllabus.ptx by /Users/boss/.ptx/2.20.0/core/xsl/utilities/pretext-enhanced-source.xsl
INFO    : successful application of /Users/boss/.ptx/2.20.0/core/xsl/utilities/pretext-enhanced-source.xsl
INFO    : XSL conversion of /Users/boss/Library/CloudStorage/Dropbox/TEACHING/@Hamilton/Linear Algebra/Linear Algebra 2026S/new-pretext-project/source/syllabus.ptx by /Users/boss/.ptx/2.20.0/core/xsl/utilities/pretext-enhanced-source.xsl
INFO    : successful application of /Users/boss/.ptx/2.20.0/core/xsl/utilities/pretext-enhanced-source.xsl
INFO    : XSL conversion of /Users/boss/Library/CloudStorage/Dropbox/TEACHING/@Hamilton/Linear Algebra/Linear Algebra 2026S/new-pretext-project/source/syllabus.ptx by /Users/boss/.ptx/2.20.0/core/xsl/utilities/pretext-enhanced-source.xsl
INFO    : successful application of /Users/boss/.ptx/2.20.0/core/xsl/utilities/pretext-enhanced-source.xsl
INFO    : XSL conversion of /Users/boss/Library/CloudStorage/Dropbox/TEACHING/@Hamilton/Linear Algebra/Linear Algebra 2026S/new-pretext-project/source/syllabus.ptx by /Users/boss/.ptx/2.20.0/core/xsl/utilities/pretext-enhanced-source.xsl
INFO    : successful application of /Users/boss/.ptx/2.20.0/core/xsl/utilities/pretext-enhanced-source.xsl
INFO    : XSL conversion of /Users/boss/Library/CloudStorage/Dropbox/TEACHING/@Hamilton/Linear Algebra/Linear Algebra 2026S/new-pretext-project/source/syllabus.ptx by /Users/boss/.ptx/2.20.0/core/xsl/utilities/pretext-enhanced-source.xsl
INFO    : successful application of /Users/boss/.ptx/2.20.0/core/xsl/utilities/pretext-enhanced-source.xsl
INFO    : Finished generating assets.

INFO    : Preparing to build into /Users/boss/Library/CloudStorage/Dropbox/TEACHING/@Hamilton/Linear Algebra/Linear Algebra 2026S/new-pretext-project/output/syllabus-canvas.
INFO    : discovering source file's directory name: /Users/boss/Library/CloudStorage/Dropbox/TEACHING/@Hamilton/Linear Algebra/Linear Algebra 2026S/new-pretext-project/source
INFO    : verifying and expanding input directory: /Users/boss/Library/CloudStorage/Dropbox/TEACHING/@Hamilton/Linear Algebra/Linear Algebra 2026S/new-pretext-project/source/../generated-assets
INFO    : input directory expanded to absolute path: /Users/boss/Library/CloudStorage/Dropbox/TEACHING/@Hamilton/Linear Algebra/Linear Algebra 2026S/new-pretext-project/generated-assets
INFO    : verifying and expanding input directory: /Users/boss/Library/CloudStorage/Dropbox/TEACHING/@Hamilton/Linear Algebra/Linear Algebra 2026S/new-pretext-project/source/../assets
INFO    : input directory expanded to absolute path: /Users/boss/Library/CloudStorage/Dropbox/TEACHING/@Hamilton/Linear Algebra/Linear Algebra 2026S/new-pretext-project/assets
INFO    : XSL conversion of /Users/boss/Library/CloudStorage/Dropbox/TEACHING/@Hamilton/Linear Algebra/Linear Algebra 2026S/new-pretext-project/source/syllabus.ptx by /Users/boss/.ptx/2.20.0/core/xsl/utilities/report-publisher-variables.xsl
INFO    : successful application of /Users/boss/.ptx/2.20.0/core/xsl/utilities/report-publisher-variables.xsl
INFO    : Downloading rs services file from https://runestone.academy/cdn/runestone/latest/webpack_static_imports.xml.
INFO    : Runestone Services via online CDN query: version 7.11.10
INFO    : Downloading Runestone Services, version 7.11.10
INFO    : Extracting Runestone Services from archive file
INFO    : Building custom css theme: theme-denver
INFO    : converting /Users/boss/Library/CloudStorage/Dropbox/TEACHING/@Hamilton/Linear Algebra/Linear Algebra 2026S/new-pretext-project/source/syllabus.ptx to HTML in /var/folders/sg/hhl3k2ms7r39gz6p84b71psm0000gn/T/ptx-1hh1q2s_
INFO    : XSL conversion of /Users/boss/Library/CloudStorage/Dropbox/TEACHING/@Hamilton/Linear Algebra/Linear Algebra 2026S/new-pretext-project/source/syllabus.ptx by /Users/boss/.ptx/2.20.0/core/xsl/pretext-html.xsl
INFO    : messages from the log for XSL processing:
INFO    : * PTX:INFO:   checking ONLY the last TWO YEARS of element deprecations.
Rerun with the string parameter "author.deprecations.all" set to "yes" to check your source against all deprecations.
INFO    : successful application of /Users/boss/.ptx/2.20.0/core/xsl/pretext-html.xsl
INFO    : packaging a zip file temporarily as /var/folders/sg/hhl3k2ms7r39gz6p84b71psm0000gn/T/ptx-1hh1q2s_/html-output.zip
INFO    : zip file of HTML output deposited as /Users/boss/Library/CloudStorage/Dropbox/TEACHING/@Hamilton/Linear Algebra/Linear Algebra 2026S/new-pretext-project/output/syllabus-canvas/syllabus.zip
INFO    : Removing temporary directory /var/folders/sg/hhl3k2ms7r39gz6p84b71psm0000gn/T/ptx-1hh1q2s_
INFO    : Removing temporary directory /var/folders/sg/hhl3k2ms7r39gz6p84b71psm0000gn/T/ptx-om2z0kht
INFO    : 
Success! The output is in /Users/boss/Library/CloudStorage/Dropbox/TEACHING/@Hamilton/Linear Algebra/Linear Algebra 2026S/new-pretext-project/output/syllabus-canvas.

INFO    : 
